<?xml version="1.0" encoding="UTF-8"?>
<robot generator="Robot 6.0.1 (Python 3.10.6 on linux)" generated="20230716 14:33:12.321" rpa="false" schemaversion="3">
<suite id="s1" name="RobotFramework" source="/home/giitian/Music/Python/RobotFramework">
<suite id="s1-s1" name="Tests" source="/home/giitian/Music/Python/RobotFramework/Tests">
<suite id="s1-s1-s1" name="Details with Keywords TestCases" source="/home/giitian/Music/Python/RobotFramework/Tests/Details_with_Keywords_TestCases">
<suite id="s1-s1-s1-s1" name="Before and After" source="/home/giitian/Music/Python/RobotFramework/Tests/Details_with_Keywords_TestCases/Before_and_After.robot">
<kw name="Before Each Test Suite" library="Resource2" type="SETUP">
<kw name="Log" library="BuiltIn">
<arg>Before Each Test Suite</arg>
<doc>Logs the given message with the given level.</doc>
<msg timestamp="20230716 14:33:12.767" level="INFO">Before Each Test Suite</msg>
<status status="PASS" starttime="20230716 14:33:12.766" endtime="20230716 14:33:12.767"/>
</kw>
<status status="PASS" starttime="20230716 14:33:12.765" endtime="20230716 14:33:12.772"/>
</kw>
<test id="s1-s1-s1-s1-t1" name="Teardown and Test Setup" line="14">
<kw name="Start Browser and maximize browser" library="Resource2" type="SETUP">
<kw name="Open Browser" library="SeleniumLibrary">
<arg>http://www.thetestingworld.com/testings</arg>
<arg>Chrome</arg>
<doc>Opens a new browser instance to the optional ``url``.</doc>
<msg timestamp="20230716 14:33:12.779" level="INFO">Opening browser 'Chrome' to base url 'http://www.thetestingworld.com/testings'.</msg>
<status status="PASS" starttime="20230716 14:33:12.778" endtime="20230716 14:33:37.181"/>
</kw>
<kw name="Maximize Browser Window" library="SeleniumLibrary">
<doc>Maximizes current browser window.</doc>
<status status="PASS" starttime="20230716 14:33:37.181" endtime="20230716 14:33:37.285"/>
</kw>
<status status="PASS" starttime="20230716 14:33:12.777" endtime="20230716 14:33:37.286"/>
</kw>
<kw name="Input Text" library="SeleniumLibrary">
<arg>name:fld_username</arg>
<arg>Praveen</arg>
<doc>Types the given ``text`` into the text field identified by ``locator``.</doc>
<msg timestamp="20230716 14:33:37.287" level="INFO">Typing text 'Praveen' into text field 'name:fld_username'.</msg>
<status status="PASS" starttime="20230716 14:33:37.286" endtime="20230716 14:33:37.453"/>
</kw>
<kw name="Input Text" library="SeleniumLibrary">
<arg>name:fld_email</arg>
<arg>Praveen@regular.com</arg>
<doc>Types the given ``text`` into the text field identified by ``locator``.</doc>
<msg timestamp="20230716 14:33:37.455" level="INFO">Typing text 'Praveen@regular.com' into text field 'name:fld_email'.</msg>
<status status="PASS" starttime="20230716 14:33:37.454" endtime="20230716 14:33:37.578"/>
</kw>
<kw name="Input Text" library="SeleniumLibrary">
<arg>name:fld_password</arg>
<arg>praveenpass</arg>
<doc>Types the given ``text`` into the text field identified by ``locator``.</doc>
<msg timestamp="20230716 14:33:37.579" level="INFO">Typing text 'praveenpass' into text field 'name:fld_password'.</msg>
<status status="PASS" starttime="20230716 14:33:37.579" endtime="20230716 14:33:37.696"/>
</kw>
<kw name="close browser Window" library="Resource2" type="TEARDOWN">
<kw name="Get Title" library="SeleniumLibrary">
<var>${title}</var>
<doc>Returns the title of the current page.</doc>
<msg timestamp="20230716 14:33:37.704" level="INFO">${title} = Login &amp; Sign Up Forms</msg>
<status status="PASS" starttime="20230716 14:33:37.697" endtime="20230716 14:33:37.704"/>
</kw>
<kw name="Log" library="BuiltIn">
<arg>${title}</arg>
<doc>Logs the given message with the given level.</doc>
<msg timestamp="20230716 14:33:37.705" level="INFO">Login &amp; Sign Up Forms</msg>
<status status="PASS" starttime="20230716 14:33:37.705" endtime="20230716 14:33:37.705"/>
</kw>
<kw name="Close Browser" library="SeleniumLibrary">
<doc>Closes the current browser.</doc>
<status status="PASS" starttime="20230716 14:33:37.706" endtime="20230716 14:33:37.766"/>
</kw>
<status status="PASS" starttime="20230716 14:33:37.696" endtime="20230716 14:33:37.767"/>
</kw>
<status status="PASS" starttime="20230716 14:33:12.773" endtime="20230716 14:33:37.767"/>
</test>
<test id="s1-s1-s1-s1-t2" name="next test with tear down" line="19">
<kw name="Start Browser and maximize browser" library="Resource2" type="SETUP">
<kw name="Open Browser" library="SeleniumLibrary">
<arg>http://www.thetestingworld.com/testings</arg>
<arg>Chrome</arg>
<doc>Opens a new browser instance to the optional ``url``.</doc>
<msg timestamp="20230716 14:33:37.773" level="INFO">Opening browser 'Chrome' to base url 'http://www.thetestingworld.com/testings'.</msg>
<status status="PASS" starttime="20230716 14:33:37.772" endtime="20230716 14:33:48.930"/>
</kw>
<kw name="Maximize Browser Window" library="SeleniumLibrary">
<doc>Maximizes current browser window.</doc>
<status status="PASS" starttime="20230716 14:33:48.930" endtime="20230716 14:33:49.034"/>
</kw>
<status status="PASS" starttime="20230716 14:33:37.771" endtime="20230716 14:33:49.034"/>
</kw>
<kw name="Input Text" library="SeleniumLibrary">
<arg>name:phone</arg>
<arg>8006900335</arg>
<doc>Types the given ``text`` into the text field identified by ``locator``.</doc>
<msg timestamp="20230716 14:33:49.035" level="INFO">Typing text '8006900335' into text field 'name:phone'.</msg>
<status status="PASS" starttime="20230716 14:33:49.035" endtime="20230716 14:33:49.198"/>
</kw>
<kw name="close browser Window" library="Resource2" type="TEARDOWN">
<kw name="Get Title" library="SeleniumLibrary">
<var>${title}</var>
<doc>Returns the title of the current page.</doc>
<msg timestamp="20230716 14:33:49.204" level="INFO">${title} = Login &amp; Sign Up Forms</msg>
<status status="PASS" starttime="20230716 14:33:49.199" endtime="20230716 14:33:49.204"/>
</kw>
<kw name="Log" library="BuiltIn">
<arg>${title}</arg>
<doc>Logs the given message with the given level.</doc>
<msg timestamp="20230716 14:33:49.205" level="INFO">Login &amp; Sign Up Forms</msg>
<status status="PASS" starttime="20230716 14:33:49.204" endtime="20230716 14:33:49.205"/>
</kw>
<kw name="Close Browser" library="SeleniumLibrary">
<doc>Closes the current browser.</doc>
<status status="PASS" starttime="20230716 14:33:49.205" endtime="20230716 14:33:49.271"/>
</kw>
<status status="PASS" starttime="20230716 14:33:49.199" endtime="20230716 14:33:49.272"/>
</kw>
<status status="PASS" starttime="20230716 14:33:37.769" endtime="20230716 14:33:49.272"/>
</test>
<kw name="After Each Test Suite" library="Resource2" type="TEARDOWN">
<kw name="Log" library="BuiltIn">
<arg>After Each Test Suite</arg>
<doc>Logs the given message with the given level.</doc>
<msg timestamp="20230716 14:33:49.279" level="INFO">After Each Test Suite</msg>
<status status="PASS" starttime="20230716 14:33:49.279" endtime="20230716 14:33:49.280"/>
</kw>
<status status="PASS" starttime="20230716 14:33:49.278" endtime="20230716 14:33:49.281"/>
</kw>
<status status="PASS" starttime="20230716 14:33:12.370" endtime="20230716 14:33:49.281"/>
</suite>
<status status="PASS" starttime="20230716 14:33:12.366" endtime="20230716 14:33:49.305"/>
</suite>
<status status="PASS" starttime="20230716 14:33:12.362" endtime="20230716 14:33:49.317"/>
</suite>
<status status="PASS" starttime="20230716 14:33:12.324" endtime="20230716 14:33:49.323"/>
</suite>
<statistics>
<total>
<stat pass="2" fail="0" skip="0">All Tests</stat>
</total>
<tag>
</tag>
<suite>
<stat pass="2" fail="0" skip="0" id="s1" name="RobotFramework">RobotFramework</stat>
<stat pass="2" fail="0" skip="0" id="s1-s1" name="Tests">RobotFramework.Tests</stat>
<stat pass="2" fail="0" skip="0" id="s1-s1-s1" name="Details with Keywords TestCases">RobotFramework.Tests.Details with Keywords TestCases</stat>
<stat pass="2" fail="0" skip="0" id="s1-s1-s1-s1" name="Before and After">RobotFramework.Tests.Details with Keywords TestCases.Before and After</stat>
</suite>
</statistics>
<errors>
</errors>
</robot>
