<?xml version="1.0" encoding="UTF-8"?>
<robot generator="Robot 6.0.1 (Python 3.10.6 on linux)" generated="20230715 20:10:56.544" rpa="false" schemaversion="3">
<suite id="s1" name="RobotFramework" source="/home/giitian/Music/Python/RobotFramework">
<suite id="s1-s1" name="Tests" source="/home/giitian/Music/Python/RobotFramework/Tests">
<suite id="s1-s1-s1" name="Details with Keywords TestCases" source="/home/giitian/Music/Python/RobotFramework/Tests/Details_with_Keywords_TestCases">
<suite id="s1-s1-s1-s1" name="Setup and teardown" source="/home/giitian/Music/Python/RobotFramework/Tests/Details_with_Keywords_TestCases/Setup_and_teardown.robot">
<test id="s1-s1-s1-s1-t1" name="Teardown and Test Setup" line="11">
<kw name="Start Browser and maximize browser" library="Resource2" type="SETUP">
<kw name="Open Browser" library="SeleniumLibrary">
<arg>http://www.thetestingworld.com/testings</arg>
<arg>Chrome</arg>
<doc>Opens a new browser instance to the optional ``url``.</doc>
<msg timestamp="20230715 20:10:57.071" level="INFO">Opening browser 'Chrome' to base url 'http://www.thetestingworld.com/testings'.</msg>
<status status="PASS" starttime="20230715 20:10:57.070" endtime="20230715 20:11:06.010"/>
</kw>
<kw name="Maximize Browser Window" library="SeleniumLibrary">
<doc>Maximizes current browser window.</doc>
<status status="PASS" starttime="20230715 20:11:06.011" endtime="20230715 20:11:06.146"/>
</kw>
<status status="PASS" starttime="20230715 20:10:57.068" endtime="20230715 20:11:06.146"/>
</kw>
<kw name="Input Text" library="SeleniumLibrary">
<arg>name:fld_username</arg>
<arg>Praveen</arg>
<doc>Types the given ``text`` into the text field identified by ``locator``.</doc>
<msg timestamp="20230715 20:11:06.147" level="INFO">Typing text 'Praveen' into text field 'name:fld_username'.</msg>
<status status="PASS" starttime="20230715 20:11:06.146" endtime="20230715 20:11:06.291"/>
</kw>
<kw name="Input Text" library="SeleniumLibrary">
<arg>name:fld_email</arg>
<arg>Praveen@regular.com</arg>
<doc>Types the given ``text`` into the text field identified by ``locator``.</doc>
<msg timestamp="20230715 20:11:06.293" level="INFO">Typing text 'Praveen@regular.com' into text field 'name:fld_email'.</msg>
<status status="PASS" starttime="20230715 20:11:06.292" endtime="20230715 20:11:06.413"/>
</kw>
<kw name="Input Text" library="SeleniumLibrary">
<arg>name:fld_password</arg>
<arg>praveenpass</arg>
<doc>Types the given ``text`` into the text field identified by ``locator``.</doc>
<msg timestamp="20230715 20:11:06.414" level="INFO">Typing text 'praveenpass' into text field 'name:fld_password'.</msg>
<status status="PASS" starttime="20230715 20:11:06.413" endtime="20230715 20:11:06.519"/>
</kw>
<kw name="close browser Window" library="Resource2" type="TEARDOWN">
<kw name="Get Title" library="SeleniumLibrary">
<var>${title}</var>
<doc>Returns the title of the current page.</doc>
<msg timestamp="20230715 20:11:06.527" level="INFO">${title} = Login &amp; Sign Up Forms</msg>
<status status="PASS" starttime="20230715 20:11:06.522" endtime="20230715 20:11:06.528"/>
</kw>
<kw name="Log" library="BuiltIn">
<arg>${title}</arg>
<doc>Logs the given message with the given level.</doc>
<msg timestamp="20230715 20:11:06.528" level="INFO">Login &amp; Sign Up Forms</msg>
<status status="PASS" starttime="20230715 20:11:06.528" endtime="20230715 20:11:06.530"/>
</kw>
<kw name="Close Browser" library="SeleniumLibrary">
<doc>Closes the current browser.</doc>
<status status="PASS" starttime="20230715 20:11:06.530" endtime="20230715 20:11:06.613"/>
</kw>
<status status="PASS" starttime="20230715 20:11:06.520" endtime="20230715 20:11:06.614"/>
</kw>
<status status="PASS" starttime="20230715 20:10:57.061" endtime="20230715 20:11:06.614"/>
</test>
<test id="s1-s1-s1-s1-t2" name="next test with tear down" line="18">
<kw name="Start Browser and maximize browser" library="Resource2" type="SETUP">
<kw name="Open Browser" library="SeleniumLibrary">
<arg>http://www.thetestingworld.com/testings</arg>
<arg>Chrome</arg>
<doc>Opens a new browser instance to the optional ``url``.</doc>
<msg timestamp="20230715 20:11:06.627" level="INFO">Opening browser 'Chrome' to base url 'http://www.thetestingworld.com/testings'.</msg>
<status status="PASS" starttime="20230715 20:11:06.626" endtime="20230715 20:11:10.391"/>
</kw>
<kw name="Maximize Browser Window" library="SeleniumLibrary">
<doc>Maximizes current browser window.</doc>
<status status="PASS" starttime="20230715 20:11:10.391" endtime="20230715 20:11:10.498"/>
</kw>
<status status="PASS" starttime="20230715 20:11:06.625" endtime="20230715 20:11:10.499"/>
</kw>
<kw name="Input Text" library="SeleniumLibrary">
<arg>name:phone</arg>
<arg>8006900335</arg>
<doc>Types the given ``text`` into the text field identified by ``locator``.</doc>
<msg timestamp="20230715 20:11:10.500" level="INFO">Typing text '8006900335' into text field 'name:phone'.</msg>
<status status="PASS" starttime="20230715 20:11:10.499" endtime="20230715 20:11:10.786"/>
</kw>
<kw name="close browser Window" library="Resource2" type="TEARDOWN">
<kw name="Get Title" library="SeleniumLibrary">
<var>${title}</var>
<doc>Returns the title of the current page.</doc>
<msg timestamp="20230715 20:11:10.798" level="INFO">${title} = Login &amp; Sign Up Forms</msg>
<status status="PASS" starttime="20230715 20:11:10.789" endtime="20230715 20:11:10.798"/>
</kw>
<kw name="Log" library="BuiltIn">
<arg>${title}</arg>
<doc>Logs the given message with the given level.</doc>
<msg timestamp="20230715 20:11:10.799" level="INFO">Login &amp; Sign Up Forms</msg>
<status status="PASS" starttime="20230715 20:11:10.798" endtime="20230715 20:11:10.800"/>
</kw>
<kw name="Close Browser" library="SeleniumLibrary">
<doc>Closes the current browser.</doc>
<status status="PASS" starttime="20230715 20:11:10.800" endtime="20230715 20:11:10.882"/>
</kw>
<status status="PASS" starttime="20230715 20:11:10.787" endtime="20230715 20:11:10.882"/>
</kw>
<status status="PASS" starttime="20230715 20:11:06.621" endtime="20230715 20:11:10.883"/>
</test>
<status status="PASS" starttime="20230715 20:10:56.591" endtime="20230715 20:11:10.889"/>
</suite>
<status status="PASS" starttime="20230715 20:10:56.587" endtime="20230715 20:11:10.896"/>
</suite>
<status status="PASS" starttime="20230715 20:10:56.580" endtime="20230715 20:11:10.903"/>
</suite>
<status status="PASS" starttime="20230715 20:10:56.547" endtime="20230715 20:11:10.916"/>
</suite>
<statistics>
<total>
<stat pass="2" fail="0" skip="0">All Tests</stat>
</total>
<tag>
</tag>
<suite>
<stat pass="2" fail="0" skip="0" id="s1" name="RobotFramework">RobotFramework</stat>
<stat pass="2" fail="0" skip="0" id="s1-s1" name="Tests">RobotFramework.Tests</stat>
<stat pass="2" fail="0" skip="0" id="s1-s1-s1" name="Details with Keywords TestCases">RobotFramework.Tests.Details with Keywords TestCases</stat>
<stat pass="2" fail="0" skip="0" id="s1-s1-s1-s1" name="Setup and teardown">RobotFramework.Tests.Details with Keywords TestCases.Setup and teardown</stat>
</suite>
</statistics>
<errors>
</errors>
</robot>
